Build started 9/3/2013 12:34:09 AM.
     1>Project "C:\Users\Ryan\documents\visual studio 2010\Projects\RandomGame\RandomGame\RandomGame.vcxproj" on node 2 (build target(s)).
     1>InitializeBuildStatus:
         Creating "Debug\RandomGame.unsuccessfulbuild" because "AlwaysCreate" was specified.
       ClCompile:
         C:\Program Files (x86)\Microsoft Visual Studio 10.0\VC\bin\CL.exe /c /Ic:\allegro\include /ZI /nologo /W3 /WX- /Od /Oy- /D _MBCS /Gm /EHsc /RTC1 /MDd /GS /fp:precise /Zc:wchar_t /Zc:forScope /Fo"Debug\\" /Fd"Debug\vc100.pdb" /Gd /TP /analyze- /errorReport:prompt main.cpp
         main.cpp
       Link:
         C:\Program Files (x86)\Microsoft Visual Studio 10.0\VC\bin\link.exe /ERRORREPORT:PROMPT /OUT:"C:\Users\Ryan\documents\visual studio 2010\Projects\RandomGame\Debug\RandomGame.exe" /NOLOGO /LIBPATH:c:\allegro\lib "allegro-5.0.9-monolith-md-debug.lib" kernel32.lib user32.lib gdi32.lib winspool.lib comdlg32.lib advapi32.lib shell32.lib ole32.lib oleaut32.lib uuid.lib odbc32.lib odbccp32.lib /MANIFEST /ManifestFile:"Debug\RandomGame.exe.intermediate.manifest" /MANIFESTUAC:"level='asInvoker' uiAccess='false'" /DEBUG /PDB:"C:\Users\Ryan\documents\visual studio 2010\Projects\RandomGame\Debug\RandomGame.pdb" /TLBID:1 /DYNAMICBASE /NXCOMPAT /IMPLIB:"C:\Users\Ryan\documents\visual studio 2010\Projects\RandomGame\Debug\RandomGame.lib" /MACHINE:X86 Debug\BaseObject.obj
         Debug\Bullet.obj
         Debug\Enemy.obj
         Debug\main.obj
         Debug\Player.obj
         Debug\Power.obj
         Debug\Weapon.obj
         LINK : C:\Users\Ryan\documents\visual studio 2010\Projects\RandomGame\Debug\RandomGame.exe not found or not built by the last incremental link; performing full link
         RandomGame.vcxproj -> C:\Users\Ryan\documents\visual studio 2010\Projects\RandomGame\Debug\RandomGame.exe
       Manifest:
         C:\Program Files (x86)\Microsoft SDKs\Windows\v7.0A\bin\mt.exe /nologo /verbose /outputresource:"C:\Users\Ryan\documents\visual studio 2010\Projects\RandomGame\Debug\RandomGame.exe;#1" /manifest Debug\RandomGame.exe.intermediate.manifest
       FinalizeBuildStatus:
         Deleting file "Debug\RandomGame.unsuccessfulbuild".
         Touching "Debug\RandomGame.lastbuildstate".
     1>Done Building Project "C:\Users\Ryan\documents\visual studio 2010\Projects\RandomGame\RandomGame\RandomGame.vcxproj" (build target(s)).

Build succeeded.

Time Elapsed 00:00:01.71
