Build started 9/29/2014 1:37:59 AM.
     1>Project "C:\Users\Ryan\documents\visual studio 2010\Projects\RandomGame\RandomGame\RandomGame.vcxproj" on node 2 (build target(s)).
     1>InitializeBuildStatus:
         Creating "Release\RandomGame.unsuccessfulbuild" because "AlwaysCreate" was specified.
       ClCompile:
         C:\Program Files (x86)\Microsoft Visual Studio 10.0\VC\bin\CL.exe /c /Ic:\allegro\include /Zi /nologo /W3 /WX- /O2 /Oi /Oy- /GL /D _MBCS /Gm- /EHsc /MD /GS /Gy /fp:precise /Zc:wchar_t /Zc:forScope /Fo"Release\\" /Fd"Release\vc100.pdb" /Gd /TP /analyze- /errorReport:prompt Player.cpp main.cpp
         Player.cpp
         main.cpp
       Link:
         C:\Program Files (x86)\Microsoft Visual Studio 10.0\VC\bin\link.exe /ERRORREPORT:PROMPT /OUT:"C:\Users\Ryan\documents\visual studio 2010\Projects\RandomGame\Release\RandomGame.exe" /NOLOGO /LIBPATH:c:\allegro\lib "allegro-5.0.9-monolith-md-debug.lib" kernel32.lib user32.lib gdi32.lib winspool.lib comdlg32.lib advapi32.lib shell32.lib ole32.lib oleaut32.lib uuid.lib odbc32.lib odbccp32.lib /MANIFEST /ManifestFile:"Release\RandomGame.exe.intermediate.manifest" /MANIFESTUAC:"level='asInvoker' uiAccess='false'" /DEBUG /PDB:"C:\Users\Ryan\documents\visual studio 2010\Projects\RandomGame\Release\RandomGame.pdb" /OPT:REF /OPT:ICF /LTCG /TLBID:1 /DYNAMICBASE /NXCOMPAT /IMPLIB:"C:\Users\Ryan\documents\visual studio 2010\Projects\RandomGame\Release\RandomGame.lib" /MACHINE:X86 Release\BaseObject.obj
         Release\Bullet.obj
         Release\Enemy.obj
         Release\main.obj
         Release\Player.obj
         Release\Power.obj
         Release\Weapon.obj
         Generating code
         Finished generating code
         RandomGame.vcxproj -> C:\Users\Ryan\documents\visual studio 2010\Projects\RandomGame\Release\RandomGame.exe
       Manifest:
         C:\Program Files (x86)\Microsoft SDKs\Windows\v7.0A\bin\mt.exe /nologo /verbose /outputresource:"C:\Users\Ryan\documents\visual studio 2010\Projects\RandomGame\Release\RandomGame.exe;#1" /manifest Release\RandomGame.exe.intermediate.manifest
       FinalizeBuildStatus:
         Deleting file "Release\RandomGame.unsuccessfulbuild".
         Touching "Release\RandomGame.lastbuildstate".
     1>Done Building Project "C:\Users\Ryan\documents\visual studio 2010\Projects\RandomGame\RandomGame\RandomGame.vcxproj" (build target(s)).

Build succeeded.

Time Elapsed 00:00:03.46
